\BOOKMARK [0][-]{chapter.1}{sheet-1 :Dirac Delta Function}{}% 1
\BOOKMARK [1][-]{section.1.1}{Other representation of delta function}{chapter.1}% 2
\BOOKMARK [1][-]{section.1.2}{Properties of the delta function}{chapter.1}% 3
\BOOKMARK [2][-]{subsection.1.2.1}{Notes}{section.1.2}% 4
\BOOKMARK [1][-]{section.1.3}{Derivatives of the delta function}{chapter.1}% 5
\BOOKMARK [1][-]{section.1.4}{Integration of the delta function}{chapter.1}% 6
\BOOKMARK [1][-]{section.1.5}{Three - dimensional delta function}{chapter.1}% 7
\BOOKMARK [1][-]{section.1.6}{Fourier Transformation}{chapter.1}% 8
\BOOKMARK [0][-]{chapter.2}{sheet-2 : Linear Vector Space}{}% 9
\BOOKMARK [1][-]{section.2.1}{Definition}{chapter.2}% 10
\BOOKMARK [1][-]{section.2.2}{Example of linear vector space}{chapter.2}% 11
\BOOKMARK [1][-]{section.2.3}{Inner product space or a unitary vector space}{chapter.2}% 12
\BOOKMARK [1][-]{section.2.4}{Examples of scalar product}{chapter.2}% 13
\BOOKMARK [1][-]{section.2.5}{Norm of a vector}{chapter.2}% 14
\BOOKMARK [1][-]{section.2.6}{Metric included by the scalar product}{chapter.2}% 15
\BOOKMARK [1][-]{section.2.7}{Schwarz's inequality}{chapter.2}% 16
\BOOKMARK [1][-]{section.2.8}{Analogy of Schwarz inequlity with vectors in a three-dimensional Euclidean space R3}{chapter.2}% 17
\BOOKMARK [1][-]{section.2.9}{Orthogonality and linear independence}{chapter.2}% 18
\BOOKMARK [2][-]{subsection.2.9.1}{Linear independence}{section.2.9}% 19
\BOOKMARK [1][-]{section.2.10}{Orthonormality and linear independence}{chapter.2}% 20
\BOOKMARK [1][-]{section.2.11}{Schmidt orthonormalization method}{chapter.2}% 21
\BOOKMARK [1][-]{section.2.12}{Dimension of a vector space}{chapter.2}% 22
\BOOKMARK [1][-]{section.2.13}{Complete vector space}{chapter.2}% 23
\BOOKMARK [1][-]{section.2.14}{Convergence of a sequence of vectors in a vector space}{chapter.2}% 24
\BOOKMARK [2][-]{subsection.2.14.1}{An example of a vector space whose Cauchy sequence does not converse to a vector in the vector space}{section.2.14}% 25
\BOOKMARK [1][-]{section.2.15}{Hilbert space}{chapter.2}% 26
\BOOKMARK [1][-]{section.2.16}{Basis vectors in a Hilbert space}{chapter.2}% 27
\BOOKMARK [2][-]{subsection.2.16.1}{Finite dimensional space}{section.2.16}% 28
\BOOKMARK [2][-]{subsection.2.16.2}{Infinite dimensional vector space}{section.2.16}% 29
\BOOKMARK [2][-]{subsection.2.16.3}{Example}{section.2.16}% 30
\BOOKMARK [1][-]{section.2.17}{Dirac notation}{chapter.2}% 31
\BOOKMARK [2][-]{subsection.2.17.1}{Scalar product}{section.2.17}% 32
\BOOKMARK [2][-]{subsection.2.17.2}{Dual vector space}{section.2.17}% 33
\BOOKMARK [2][-]{subsection.2.17.3}{Bra notation for the vectors of V*}{section.2.17}% 34
\BOOKMARK [2][-]{subsection.2.17.4}{Correspondence between kets and bras}{section.2.17}% 35
\BOOKMARK [2][-]{subsection.2.17.5}{The correspondence in anti-linear}{section.2.17}% 36
\BOOKMARK [2][-]{subsection.2.17.6}{Dirac notation for the scalar product}{section.2.17}% 37
\BOOKMARK [0][-]{chapter.3}{sheet-3 : Linear Vector Space \(continued\)}{}% 38
\BOOKMARK [1][-]{section.3.1}{Operators in a Hilbert Space}{chapter.3}% 39
\BOOKMARK [1][-]{section.3.2}{Linear operators}{chapter.3}% 40
\BOOKMARK [1][-]{section.3.3}{Commutator of two operators}{chapter.3}% 41
\BOOKMARK [2][-]{subsection.3.3.1}{Some properties of commutators}{section.3.3}% 42
\BOOKMARK [1][-]{section.3.4}{Projection operator}{chapter.3}% 43
\BOOKMARK [1][-]{section.3.5}{Representation of vectors and operators}{chapter.3}% 44
\BOOKMARK [1][-]{section.3.6}{Matrix representation of ket and bra vectors}{chapter.3}% 45
\BOOKMARK [1][-]{section.3.7}{Representation of an operator in a basis}{chapter.3}% 46
\BOOKMARK [1][-]{section.3.8}{Matrix representation of the sum and product of two operators}{chapter.3}% 47
\BOOKMARK [0][-]{chapter.4}{sheet-4 : Linear Vector Space \(continued\)}{}% 48
\BOOKMARK [1][-]{section.4.1}{Adjoint operator}{chapter.4}% 49
\BOOKMARK [1][-]{section.4.2}{Hermitian or Self-adjoint operator}{chapter.4}% 50
\BOOKMARK [1][-]{section.4.3}{Inverse operator}{chapter.4}% 51
\BOOKMARK [1][-]{section.4.4}{Unitary operator}{chapter.4}% 52
\BOOKMARK [1][-]{section.4.5}{Function of Operators}{chapter.4}% 53
\BOOKMARK [0][-]{chapter.5}{sheet-5 : Eigenvalue and Eigenvectors of Operators}{}% 54
\BOOKMARK [0][-]{chapter.6}{sheet-6 : Coordinate and Momentum Representation}{}% 55
\BOOKMARK [0][-]{chapter.7}{sheet-7 : Postulates of Quantum Mechanics}{}% 56
\BOOKMARK [0][-]{chapter.8}{sheet-8 : Compatibility of Observable}{}% 57
\BOOKMARK [0][-]{chapter.9}{sheet-9 : The Uncertainty Principle}{}% 58
\BOOKMARK [0][-]{chapter.10}{sheet-10 : Harmonic Oscillator}{}% 59
\BOOKMARK [0][-]{chapter.11}{sheet-11 : Quantum Dynamics}{}% 60
\BOOKMARK [0][-]{chapter.12}{sheet-12 : The Path Integral Formulation of Quantum Theory}{}% 61
\BOOKMARK [0][-]{chapter.13}{sheet-13 : Potential Wells and Barriers}{}% 62
\BOOKMARK [0][-]{chapter.14}{sheet-14 : Particle Motion in 3-Dimension}{}% 63
\BOOKMARK [0][-]{chapter.15}{sheet-15 : The Hydrogen Atom}{}% 64
\BOOKMARK [0][-]{chapter.16}{sheet-16 : Angular Momentum 1}{}% 65
\BOOKMARK [0][-]{chapter.17}{sheet-17 : Angular Momentum 2: spin 1/2 system}{}% 66
\BOOKMARK [0][-]{chapter.18}{sheet-18 : Rotations and Angular Momentum}{}% 67
\BOOKMARK [0][-]{chapter.19}{sheet-19 : Addition of Angular Momentum}{}% 68
\BOOKMARK [0][-]{chapter.20}{sheet-20 : Time Independent Perturbation}{}% 69
\BOOKMARK [0][-]{chapter.21}{sheet-21 : Variational Method}{}% 70
\BOOKMARK [0][-]{chapter.22}{sheet-22 : WKB approximation}{}% 71
\BOOKMARK [0][-]{chapter.23}{sheet-23 : Time Dependent Perturbation}{}% 72
\BOOKMARK [0][-]{chapter.24}{sheet-24 : Scattering Theory}{}% 73
\BOOKMARK [0][-]{chapter.25}{sheet-25 : Integral Equation for Scattering Theory}{}% 74
\BOOKMARK [0][-]{chapter.26}{sheet-26 : Identical Particles}{}% 75
